2024-01-18 14:10:55,466 - index - ERROR - Login Failed.
2024-01-18 17:20:54,072 - index - ERROR - Database error during login: This Session's transaction has been rolled back due to a previous exception during flush. To begin a new transaction with this Session, first issue Session.rollback(). Original exception was: (sqlite3.IntegrityError) UNIQUE constraint failed: users.email
[SQL: INSERT INTO users (email, password, address, name, phone_number) VALUES (?, ?, ?, ?, ?)]
[parameters: ('abcde@abcde.com', b'$2b$12$.84NfEvfNZhV1w0KoPPFiurxuy5G/1tOBYyebDOKVVJvWIp4XqutC', 'street in the world', 'aabb', '12344321')]
(Background on this error at: https://sqlalche.me/e/20/gkpj) (Background on this error at: https://sqlalche.me/e/20/7s2a)
2024-01-18 17:21:28,889 - index - ERROR - Database error during login: This Session's transaction has been rolled back due to a previous exception during flush. To begin a new transaction with this Session, first issue Session.rollback(). Original exception was: (sqlite3.IntegrityError) UNIQUE constraint failed: users.email
[SQL: INSERT INTO users (email, password, address, name, phone_number) VALUES (?, ?, ?, ?, ?)]
[parameters: ('abcde@abcde.com', b'$2b$12$.84NfEvfNZhV1w0KoPPFiurxuy5G/1tOBYyebDOKVVJvWIp4XqutC', 'street in the world', 'aabb', '12344321')]
(Background on this error at: https://sqlalche.me/e/20/gkpj) (Background on this error at: https://sqlalche.me/e/20/7s2a)
2024-01-18 17:21:46,287 - index - ERROR - Database error during login: This Session's transaction has been rolled back due to a previous exception during flush. To begin a new transaction with this Session, first issue Session.rollback(). Original exception was: (sqlite3.IntegrityError) UNIQUE constraint failed: users.email
[SQL: INSERT INTO users (email, password, address, name, phone_number) VALUES (?, ?, ?, ?, ?)]
[parameters: ('abcde@abcde.com', b'$2b$12$.84NfEvfNZhV1w0KoPPFiurxuy5G/1tOBYyebDOKVVJvWIp4XqutC', 'street in the world', 'aabb', '12344321')]
(Background on this error at: https://sqlalche.me/e/20/gkpj) (Background on this error at: https://sqlalche.me/e/20/7s2a)
2024-01-18 17:21:47,357 - index - ERROR - Database error during login: This Session's transaction has been rolled back due to a previous exception during flush. To begin a new transaction with this Session, first issue Session.rollback(). Original exception was: (sqlite3.IntegrityError) UNIQUE constraint failed: users.email
[SQL: INSERT INTO users (email, password, address, name, phone_number) VALUES (?, ?, ?, ?, ?)]
[parameters: ('abcde@abcde.com', b'$2b$12$.84NfEvfNZhV1w0KoPPFiurxuy5G/1tOBYyebDOKVVJvWIp4XqutC', 'street in the world', 'aabb', '12344321')]
(Background on this error at: https://sqlalche.me/e/20/gkpj) (Background on this error at: https://sqlalche.me/e/20/7s2a)
2024-01-18 17:30:19,538 - index - ERROR - Database error during login: type object 'User' has no attribute 'query'
2024-01-18 17:43:33,127 - index - ERROR - Database error during login: 'function' object has no attribute 'filter_by'
2024-01-18 17:48:39,966 - index - ERROR - Database error during login: type object 'User' has no attribute 'query'
2024-01-18 17:51:45,290 - index - ERROR - Database error during login: type object 'User' has no attribute 'query'
2024-01-18 17:52:11,080 - index - ERROR - Database error during login: type object 'User' has no attribute 'query'
2024-01-18 17:54:46,246 - index - ERROR - Database error during login: type object 'User' has no attribute 'query'
2024-01-18 18:05:19,812 - index - ERROR - Database error during login: 'Query' object has no attribute 'scalar_one'
2024-01-18 18:05:54,911 - index - ERROR - Database error during login: 'Query' object has no attribute 'password'
2024-01-18 18:06:53,290 - index - ERROR - Database error during login: Neither 'InstrumentedAttribute' object nor 'Comparator' object associated with User.password has an attribute 'encode'
2024-01-18 18:11:05,678 - index - ERROR - Database error during login: 'Query' object has no attribute 'password'
2024-01-18 18:11:40,948 - index - ERROR - Database error during login: 'Query' object has no attribute 'password'
2024-01-18 18:12:50,529 - index - ERROR - Database error during login: 'Query' object has no attribute 'password'
2024-01-18 18:13:31,075 - index - ERROR - Database error during login: name 'db' is not defined
2024-01-18 18:13:58,462 - index - ERROR - Database error during login: name 'db' is not defined
2024-01-18 18:14:10,373 - index - ERROR - Database error during login: 'Session' object has no attribute 'select'
2024-01-18 18:15:45,895 - index - ERROR - Database error during login: No row was found when one was required
2024-01-18 18:18:12,644 - index - ERROR - Database error during login: execute
2024-01-18 18:19:35,091 - index - ERROR - Database error during login: db_session
2024-01-18 18:20:13,032 - index - ERROR - Database error during login: No row was found when one was required
2024-01-18 18:21:40,741 - index - ERROR - Database error during login: No row was found when one was required
2024-01-18 18:21:58,660 - index - ERROR - Database error during login: 'ChunkedIteratorResult' object has no attribute 'password'
2024-01-18 18:24:39,841 - index - ERROR - Database error during login: 'ChunkedIteratorResult' object has no attribute 'password'
2024-01-18 18:25:30,515 - index - ERROR - Database error during login: No row was found when one was required
2024-01-19 09:48:47,462 - index - ERROR - Database error during login: 'SecureCookieSession' object has no attribute 'execute'
2024-01-19 09:49:38,907 - index - ERROR - Database error during login: No row was found when one was required
2024-01-19 09:51:09,029 - index - ERROR - Database error during login: No row was found when one was required
2024-01-19 09:51:45,846 - index - ERROR - Database error during login: No row was found when one was required
2024-01-19 09:52:13,149 - index - ERROR - Database error during login: No row was found when one was required
2024-01-19 09:56:08,994 - index - ERROR - Database error during login: No row was found when one was required
2024-01-19 09:58:34,646 - index - ERROR - Database error during login: No row was found when one was required
2024-01-19 09:58:43,361 - index - ERROR - Database error during login: No row was found when one was required
2024-01-19 09:59:23,278 - index - ERROR - Database error during login: No row was found when one was required
2024-01-19 10:06:59,014 - index - ERROR - Database error during login: No row was found when one was required
2024-01-19 10:26:30,307 - index - ERROR - Database error during login: No row was found when one was required
2024-01-19 10:39:30,526 - index - ERROR - Database error during login: Session.execute() got an unexpected keyword argument 'email'
2024-01-19 10:49:16,921 - index - ERROR - Database error during login: No row was found when one was required
2024-01-19 10:50:10,207 - index - ERROR - Database error during login: 'Session' object has no attribute 'scalar_one'
2024-01-19 10:51:22,684 - index - ERROR - Database error during login: 'ChunkedIteratorResult' object has no attribute 'password'
2024-01-19 10:51:45,332 - index - ERROR - Database error during login: No row was found when one was required
2024-01-19 10:52:10,328 - index - ERROR - Database error during login: No row was found when one was required
2024-01-19 10:52:31,545 - index - ERROR - Database error during login: No row was found when one was required
2024-01-19 10:52:50,207 - index - ERROR - Database error during login: No row was found when one was required
2024-01-19 10:53:32,594 - index - ERROR - Database error during login: No row was found when one was required
2024-01-19 10:55:59,125 - index - ERROR - Database error during login: No row was found when one was required
2024-01-19 10:56:23,606 - index - ERROR - Database error during login: 'ChunkedIteratorResult' object has no attribute 'password'
2024-01-19 10:57:20,121 - index - ERROR - Database error during login: No row was found when one was required
2024-01-19 10:57:44,806 - index - ERROR - Database error during login: No row was found when one was required
2024-01-19 12:04:51,695 - index - ERROR - Database error during login: No row was found when one was required
2024-01-19 12:04:57,426 - index - ERROR - Database error during login: No row was found when one was required
2024-01-19 12:05:33,142 - index - ERROR - Database error during login: No row was found when one was required
2024-01-19 13:15:49,447 - index - ERROR - Database error during login: No row was found when one was required
2024-01-19 14:27:33,226 - index - ERROR - Database error during login: 'bytes' object has no attribute 'encode'
2024-01-19 14:28:27,651 - index - ERROR - Database error during login: 'bytes' object has no attribute 'encode'
2024-01-19 14:33:07,369 - index - ERROR - Database error during login: 'bytes' object has no attribute 'encode'
2024-01-19 14:33:10,647 - index - ERROR - Database error during login: 'bytes' object has no attribute 'encode'
2024-01-19 14:33:18,487 - index - ERROR - Database error during login: a bytes-like object is required, not 'str'
2024-01-19 14:34:58,067 - index - ERROR - Database error during login: a bytes-like object is required, not 'str'
2024-01-19 14:36:12,492 - index - ERROR - Database error during login: a bytes-like object is required, not 'str'
2024-01-19 14:39:57,167 - index - ERROR - Database error during login: Invalid hash method ''.
2024-01-19 14:55:31,264 - index - ERROR - Database error during login: Invalid hash method ''.
2024-01-19 16:28:59,909 - index - ERROR - Database error during login: a bytes-like object is required, not 'str'
2024-01-19 16:30:23,654 - index - ERROR - Database error during login: Invalid hash method 'b''.
2024-01-19 16:35:56,063 - index - ERROR - Database error during login: argument 'password': 'str' object cannot be converted to 'PyBytes'
2024-01-19 16:36:37,489 - index - ERROR - Database error during login: argument 'password': 'str' object cannot be converted to 'PyBytes'
2024-01-19 16:40:45,962 - index - ERROR - Database error during login: argument 'password': 'str' object cannot be converted to 'PyBytes'
2024-01-19 16:45:15,158 - index - ERROR - Database error during login: a bytes-like object is required, not 'str'
2024-01-19 16:46:43,008 - index - ERROR - Database error during login: 'bytes' object has no attribute 'encode'
2024-01-19 16:48:09,156 - index - ERROR - Database error during login: a bytes-like object is required, not 'str'
2024-01-19 16:52:53,067 - index - ERROR - Database error during login: a bytes-like object is required, not 'str'
2024-01-19 17:14:12,318 - index - ERROR - Database error during login: 'bytes' object has no attribute 'encode'
2024-01-19 17:15:12,324 - index - ERROR - Database error during login: 'Flask' object has no attribute 'login_manager'
2024-01-19 17:16:22,384 - index - ERROR - Database error during login: 'User' object has no attribute 'is_active'
2024-01-19 17:17:40,760 - index - ERROR - Database error during login: 'User' object has no attribute 'is_active'
2024-01-19 17:17:57,698 - index - ERROR - Database error during login: 'User' object has no attribute 'is_active'
2024-01-19 17:28:08,189 - index - ERROR - Database error during login: 'Flask' object has no attribute 'login_manager'
2024-01-22 10:16:18,918 - index - ERROR - Database error during login: 'User' object has no attribute 'get_id'
2024-01-22 10:16:58,892 - index - ERROR - Database error during login: 'int' object has no attribute 'is_active'
2024-01-22 11:05:52,561 - index - ERROR - Database error during login: The session is unavailable because no secret key was set.  Set the secret_key on the application to something unique and secret.
2024-01-22 11:07:20,352 - index - ERROR - Database error during login: The session is unavailable because no secret key was set.  Set the secret_key on the application to something unique and secret.
